<?xml version="1.0" encoding="UTF-8"?>
<testng-results skipped="0" failed="0" ignored="0" total="1" passed="1">
  <reporter-output>
  </reporter-output>
  <suite name="Default suite" duration-ms="114441" started-at="2020-09-06T05:32:27Z" finished-at="2020-09-06T05:34:21Z">
    <groups>
    </groups>
    <test name="Default test" duration-ms="114441" started-at="2020-09-06T05:32:27Z" finished-at="2020-09-06T05:34:21Z">
      <class name="com.practice.appLauch.Browser">
        <test-method status="PASS" signature="lauchBrowser()[pri:0, instance:com.practice.appLauch.Browser@e25b2fe]" name="lauchBrowser" duration-ms="114350" started-at="2020-09-06T11:02:27Z" finished-at="2020-09-06T11:04:21Z">
          <reporter-output>
          </reporter-output>
        </test-method> <!-- lauchBrowser -->
      </class> <!-- com.practice.appLauch.Browser -->
    </test> <!-- Default test -->
  </suite> <!-- Default suite -->
</testng-results>
